Requirement already satisfied: flask in /usr/local/lib/python3.10/dist-packages (from -r requirements.txt (line 2)) (3.0.3)
Collecting flask-cors
  Downloading Flask_Cors-5.0.0-py2.py3-none-any.whl (14 kB)
Requirement already satisfied: werkzeug in /usr/local/lib/python3.10/dist-packages (from -r requirements.txt (line 4)) (3.0.4)
Collecting ctransformers
  Downloading ctransformers-0.2.27-py3-none-any.whl (9.9 MB)
     ━━━━━━━━━━━━━━━━━━━━━━━━━━━━━━━━━━━━━━━━ 9.9/9.9 MB 72.5 MB/s eta 0:00:00
Requirement already satisfied: itsdangerous>=2.1.2 in /usr/local/lib/python3.10/dist-packages (from flask->-r requirements.txt (line 2)) (2.2.0)
Requirement already satisfied: click>=8.1.3 in /usr/local/lib/python3.10/dist-packages (from flask->-r requirements.txt (line 2)) (8.1.7)
Requirement already satisfied: Jinja2>=3.1.2 in /usr/local/lib/python3.10/dist-packages (from flask->-r requirements.txt (line 2)) (3.1.4)
Requirement already satisfied: blinker>=1.6.2 in /usr/local/lib/python3.10/dist-packages (from flask->-r requirements.txt (line 2)) (1.8.2)
Requirement already satisfied: MarkupSafe>=2.1.1 in /usr/local/lib/python3.10/dist-packages (from werkzeug->-r requirements.txt (line 4)) (3.0.2)
Requirement already satisfied: huggingface-hub in /usr/local/lib/python3.10/dist-packages (from ctransformers->-r requirements.txt (line 5)) (0.26.1)
Collecting py-cpuinfo<10.0.0,>=9.0.0
  Downloading py_cpuinfo-9.0.0-py3-none-any.whl (22 kB)
Requirement already satisfied: packaging>=20.9 in /usr/local/lib/python3.10/dist-packages (from huggingface-hub->ctransformers->-r requirements.txt (line 5)) (24.1)
Requirement already satisfied: typing-extensions>=3.7.4.3 in /usr/local/lib/python3.10/dist-packages (from huggingface-hub->ctransformers->-r requirements.txt (line 5)) (4.12.2)
Requirement already satisfied: requests in /usr/local/lib/python3.10/dist-packages (from huggingface-hub->ctransformers->-r requirements.txt (line 5)) (2.32.3)
Requirement already satisfied: pyyaml>=5.1 in /usr/local/lib/python3.10/dist-packages (from huggingface-hub->ctransformers->-r requirements.txt (line 5)) (6.0.2)
Requirement already satisfied: filelock in /usr/local/lib/python3.10/dist-packages (from huggingface-hub->ctransformers->-r requirements.txt (line 5)) (3.16.1)
Requirement already satisfied: fsspec>=2023.5.0 in /usr/local/lib/python3.10/dist-packages (from huggingface-hub->ctransformers->-r requirements.txt (line 5)) (2024.10.0)
Requirement already satisfied: tqdm>=4.42.1 in /usr/local/lib/python3.10/dist-packages (from huggingface-hub->ctransformers->-r requirements.txt (line 5)) (4.66.5)
